<?xml version="1.0" encoding="UTF-8"?>
<!-- Generated by org.testng.reporters.JUnitXMLReporter -->
<testsuite ignored="0" hostname="LAPTOP-NBCD1KMT" failures="1" tests="4" name="Test" time="7.292" errors="0" timestamp="2024-04-12T16:25:26 IST">
  <testcase classname="com.seleniumgrid.config.googlechromebrowserconfig" name="setConfiguration" time="3.107"/>
  <testcase classname="com.app.test.TestCase9" name="setBrowserConfig" time="2.462"/>
  <testcase classname="com.app.test.TestCase9" name="regression" time="1.416">
    <failure type="java.lang.IllegalArgumentException" message="Locator must be set">
      <![CDATA[java.lang.IllegalArgumentException: Locator must be set
at org.openqa.selenium.internal.Require.nonNull(Require.java:60)
at org.openqa.selenium.remote.RemoteWebDriver.findElement(RemoteWebDriver.java:347)
at com.app.pages.Dashboard.setProduct3_Button(Dashboard.java:193)
at com.app.test.TestCase9.regression(TestCase9.java:124)
at java.base/java.util.ArrayList.forEach(ArrayList.java:1511)
... Removed 27 stack frames]]>
    </failure>
  </testcase> <!-- regression -->
  <testcase classname="com.app.test.TestCase9" name="logout" time="0.219"/>
</testsuite> <!-- Test -->
